<?xml version="1.0" encoding="UTF-8"?>
<testsuite xmlns:xsi="http://www.w3.org/2001/XMLSchema-instance" xsi:noNamespaceSchemaLocation="https://maven.apache.org/surefire/maven-surefire-plugin/xsd/surefire-test-report.xsd" name="com.productcrowler.linkfinder.LinkfinderApplicationTests" time="7.821" tests="1" errors="0" skipped="0" failures="0">
  <properties>
    <property name="gopherProxySet" value="false"/>
    <property name="awt.toolkit" value="sun.lwawt.macosx.LWCToolkit"/>
    <property name="java.specification.version" value="11"/>
    <property name="sun.cpu.isalist" value=""/>
    <property name="sun.jnu.encoding" value="UTF-8"/>
    <property name="java.class.path" value="/Users/sasmitrashinkar/effort_to_be_better/LinkFinder_old/target/test-classes:/Users/sasmitrashinkar/effort_to_be_better/LinkFinder_old/target/classes:/Users/sasmitrashinkar/.m2/repository/org/springframework/boot/spring-boot-starter-actuator/2.2.2.RELEASE/spring-boot-starter-actuator-2.2.2.RELEASE.jar:/Users/sasmitrashinkar/.m2/repository/org/springframework/boot/spring-boot-starter/2.2.2.RELEASE/spring-boot-starter-2.2.2.RELEASE.jar:/Users/sasmitrashinkar/.m2/repository/org/springframework/boot/spring-boot-starter-logging/2.2.2.RELEASE/spring-boot-starter-logging-2.2.2.RELEASE.jar:/Users/sasmitrashinkar/.m2/repository/ch/qos/logback/logback-classic/1.2.3/logback-classic-1.2.3.jar:/Users/sasmitrashinkar/.m2/repository/ch/qos/logback/logback-core/1.2.3/logback-core-1.2.3.jar:/Users/sasmitrashinkar/.m2/repository/org/apache/logging/log4j/log4j-to-slf4j/2.12.1/log4j-to-slf4j-2.12.1.jar:/Users/sasmitrashinkar/.m2/repository/org/apache/logging/log4j/log4j-api/2.12.1/log4j-api-2.12.1.jar:/Users/sasmitrashinkar/.m2/repository/org/slf4j/jul-to-slf4j/1.7.29/jul-to-slf4j-1.7.29.jar:/Users/sasmitrashinkar/.m2/repository/org/yaml/snakeyaml/1.25/snakeyaml-1.25.jar:/Users/sasmitrashinkar/.m2/repository/org/springframework/boot/spring-boot-actuator-autoconfigure/2.2.2.RELEASE/spring-boot-actuator-autoconfigure-2.2.2.RELEASE.jar:/Users/sasmitrashinkar/.m2/repository/org/springframework/boot/spring-boot-actuator/2.2.2.RELEASE/spring-boot-actuator-2.2.2.RELEASE.jar:/Users/sasmitrashinkar/.m2/repository/com/fasterxml/jackson/core/jackson-databind/2.10.1/jackson-databind-2.10.1.jar:/Users/sasmitrashinkar/.m2/repository/com/fasterxml/jackson/core/jackson-core/2.10.1/jackson-core-2.10.1.jar:/Users/sasmitrashinkar/.m2/repository/org/springframework/spring-context/5.2.2.RELEASE/spring-context-5.2.2.RELEASE.jar:/Users/sasmitrashinkar/.m2/repository/com/fasterxml/jackson/datatype/jackson-datatype-jsr310/2.10.1/jackson-datatype-jsr310-2.10.1.jar:/Users/sasmitrashinkar/.m2/repository/io/micrometer/micrometer-core/1.3.1/micrometer-core-1.3.1.jar:/Users/sasmitrashinkar/.m2/repository/org/hdrhistogram/HdrHistogram/2.1.11/HdrHistogram-2.1.11.jar:/Users/sasmitrashinkar/.m2/repository/org/latencyutils/LatencyUtils/2.0.3/LatencyUtils-2.0.3.jar:/Users/sasmitrashinkar/.m2/repository/org/springframework/boot/spring-boot-starter-data-rest/2.2.2.RELEASE/spring-boot-starter-data-rest-2.2.2.RELEASE.jar:/Users/sasmitrashinkar/.m2/repository/org/springframework/data/spring-data-rest-webmvc/3.2.3.RELEASE/spring-data-rest-webmvc-3.2.3.RELEASE.jar:/Users/sasmitrashinkar/.m2/repository/org/springframework/data/spring-data-rest-core/3.2.3.RELEASE/spring-data-rest-core-3.2.3.RELEASE.jar:/Users/sasmitrashinkar/.m2/repository/org/springframework/spring-tx/5.2.2.RELEASE/spring-tx-5.2.2.RELEASE.jar:/Users/sasmitrashinkar/.m2/repository/org/springframework/hateoas/spring-hateoas/1.0.2.RELEASE/spring-hateoas-1.0.2.RELEASE.jar:/Users/sasmitrashinkar/.m2/repository/org/springframework/data/spring-data-commons/2.2.3.RELEASE/spring-data-commons-2.2.3.RELEASE.jar:/Users/sasmitrashinkar/.m2/repository/org/springframework/plugin/spring-plugin-core/2.0.0.RELEASE/spring-plugin-core-2.0.0.RELEASE.jar:/Users/sasmitrashinkar/.m2/repository/org/atteo/evo-inflector/1.2.2/evo-inflector-1.2.2.jar:/Users/sasmitrashinkar/.m2/repository/com/fasterxml/jackson/core/jackson-annotations/2.10.1/jackson-annotations-2.10.1.jar:/Users/sasmitrashinkar/.m2/repository/org/slf4j/slf4j-api/1.7.29/slf4j-api-1.7.29.jar:/Users/sasmitrashinkar/.m2/repository/org/springframework/boot/spring-boot-starter-jersey/2.2.2.RELEASE/spring-boot-starter-jersey-2.2.2.RELEASE.jar:/Users/sasmitrashinkar/.m2/repository/org/springframework/boot/spring-boot-starter-json/2.2.2.RELEASE/spring-boot-starter-json-2.2.2.RELEASE.jar:/Users/sasmitrashinkar/.m2/repository/com/fasterxml/jackson/datatype/jackson-datatype-jdk8/2.10.1/jackson-datatype-jdk8-2.10.1.jar:/Users/sasmitrashinkar/.m2/repository/com/fasterxml/jackson/module/jackson-module-parameter-names/2.10.1/jackson-module-parameter-names-2.10.1.jar:/Users/sasmitrashinkar/.m2/repository/org/springframework/boot/spring-boot-starter-tomcat/2.2.2.RELEASE/spring-boot-starter-tomcat-2.2.2.RELEASE.jar:/Users/sasmitrashinkar/.m2/repository/org/apache/tomcat/embed/tomcat-embed-core/9.0.29/tomcat-embed-core-9.0.29.jar:/Users/sasmitrashinkar/.m2/repository/org/apache/tomcat/embed/tomcat-embed-el/9.0.29/tomcat-embed-el-9.0.29.jar:/Users/sasmitrashinkar/.m2/repository/org/apache/tomcat/embed/tomcat-embed-websocket/9.0.29/tomcat-embed-websocket-9.0.29.jar:/Users/sasmitrashinkar/.m2/repository/org/springframework/boot/spring-boot-starter-validation/2.2.2.RELEASE/spring-boot-starter-validation-2.2.2.RELEASE.jar:/Users/sasmitrashinkar/.m2/repository/jakarta/validation/jakarta.validation-api/2.0.1/jakarta.validation-api-2.0.1.jar:/Users/sasmitrashinkar/.m2/repository/org/hibernate/validator/hibernate-validator/6.0.18.Final/hibernate-validator-6.0.18.Final.jar:/Users/sasmitrashinkar/.m2/repository/org/jboss/logging/jboss-logging/3.4.1.Final/jboss-logging-3.4.1.Final.jar:/Users/sasmitrashinkar/.m2/repository/com/fasterxml/classmate/1.5.1/classmate-1.5.1.jar:/Users/sasmitrashinkar/.m2/repository/jakarta/annotation/jakarta.annotation-api/1.3.5/jakarta.annotation-api-1.3.5.jar:/Users/sasmitrashinkar/.m2/repository/jakarta/ws/rs/jakarta.ws.rs-api/2.1.6/jakarta.ws.rs-api-2.1.6.jar:/Users/sasmitrashinkar/.m2/repository/org/springframework/spring-web/5.2.2.RELEASE/spring-web-5.2.2.RELEASE.jar:/Users/sasmitrashinkar/.m2/repository/org/springframework/spring-beans/5.2.2.RELEASE/spring-beans-5.2.2.RELEASE.jar:/Users/sasmitrashinkar/.m2/repository/org/glassfish/jersey/core/jersey-server/2.29.1/jersey-server-2.29.1.jar:/Users/sasmitrashinkar/.m2/repository/org/glassfish/jersey/core/jersey-common/2.29.1/jersey-common-2.29.1.jar:/Users/sasmitrashinkar/.m2/repository/org/glassfish/hk2/osgi-resource-locator/1.0.3/osgi-resource-locator-1.0.3.jar:/Users/sasmitrashinkar/.m2/repository/com/sun/activation/jakarta.activation/1.2.1/jakarta.activation-1.2.1.jar:/Users/sasmitrashinkar/.m2/repository/org/glassfish/jersey/core/jersey-client/2.29.1/jersey-client-2.29.1.jar:/Users/sasmitrashinkar/.m2/repository/org/glassfish/jersey/media/jersey-media-jaxb/2.29.1/jersey-media-jaxb-2.29.1.jar:/Users/sasmitrashinkar/.m2/repository/org/glassfish/hk2/external/jakarta.inject/2.6.1/jakarta.inject-2.6.1.jar:/Users/sasmitrashinkar/.m2/repository/org/glassfish/jersey/containers/jersey-container-servlet-core/2.29.1/jersey-container-servlet-core-2.29.1.jar:/Users/sasmitrashinkar/.m2/repository/org/glassfish/jersey/containers/jersey-container-servlet/2.29.1/jersey-container-servlet-2.29.1.jar:/Users/sasmitrashinkar/.m2/repository/org/glassfish/jersey/ext/jersey-bean-validation/2.29.1/jersey-bean-validation-2.29.1.jar:/Users/sasmitrashinkar/.m2/repository/org/glassfish/jersey/ext/jersey-spring5/2.29.1/jersey-spring5-2.29.1.jar:/Users/sasmitrashinkar/.m2/repository/org/glassfish/jersey/inject/jersey-hk2/2.29.1/jersey-hk2-2.29.1.jar:/Users/sasmitrashinkar/.m2/repository/org/glassfish/hk2/hk2-locator/2.6.1/hk2-locator-2.6.1.jar:/Users/sasmitrashinkar/.m2/repository/org/glassfish/hk2/external/aopalliance-repackaged/2.6.1/aopalliance-repackaged-2.6.1.jar:/Users/sasmitrashinkar/.m2/repository/org/javassist/javassist/3.22.0-CR2/javassist-3.22.0-CR2.jar:/Users/sasmitrashinkar/.m2/repository/org/glassfish/hk2/hk2/2.6.1/hk2-2.6.1.jar:/Users/sasmitrashinkar/.m2/repository/org/glassfish/hk2/hk2-utils/2.6.1/hk2-utils-2.6.1.jar:/Users/sasmitrashinkar/.m2/repository/org/glassfish/hk2/hk2-api/2.6.1/hk2-api-2.6.1.jar:/Users/sasmitrashinkar/.m2/repository/org/glassfish/hk2/hk2-core/2.6.1/hk2-core-2.6.1.jar:/Users/sasmitrashinkar/.m2/repository/org/glassfish/hk2/hk2-runlevel/2.6.1/hk2-runlevel-2.6.1.jar:/Users/sasmitrashinkar/.m2/repository/org/glassfish/hk2/class-model/2.6.1/class-model-2.6.1.jar:/Users/sasmitrashinkar/.m2/repository/org/ow2/asm/asm/7.1/asm-7.1.jar:/Users/sasmitrashinkar/.m2/repository/org/ow2/asm/asm-analysis/7.1/asm-analysis-7.1.jar:/Users/sasmitrashinkar/.m2/repository/org/ow2/asm/asm-commons/7.1/asm-commons-7.1.jar:/Users/sasmitrashinkar/.m2/repository/org/ow2/asm/asm-tree/7.1/asm-tree-7.1.jar:/Users/sasmitrashinkar/.m2/repository/org/ow2/asm/asm-util/7.1/asm-util-7.1.jar:/Users/sasmitrashinkar/.m2/repository/org/glassfish/hk2/spring-bridge/2.6.1/spring-bridge-2.6.1.jar:/Users/sasmitrashinkar/.m2/repository/org/springframework/spring-aop/5.2.2.RELEASE/spring-aop-5.2.2.RELEASE.jar:/Users/sasmitrashinkar/.m2/repository/org/glassfish/jersey/media/jersey-media-json-jackson/2.29.1/jersey-media-json-jackson-2.29.1.jar:/Users/sasmitrashinkar/.m2/repository/org/glassfish/jersey/ext/jersey-entity-filtering/2.29.1/jersey-entity-filtering-2.29.1.jar:/Users/sasmitrashinkar/.m2/repository/com/fasterxml/jackson/module/jackson-module-jaxb-annotations/2.10.1/jackson-module-jaxb-annotations-2.10.1.jar:/Users/sasmitrashinkar/.m2/repository/jakarta/xml/bind/jakarta.xml.bind-api/2.3.2/jakarta.xml.bind-api-2.3.2.jar:/Users/sasmitrashinkar/.m2/repository/org/springframework/boot/spring-boot-starter-web/2.2.2.RELEASE/spring-boot-starter-web-2.2.2.RELEASE.jar:/Users/sasmitrashinkar/.m2/repository/org/springframework/spring-webmvc/5.2.2.RELEASE/spring-webmvc-5.2.2.RELEASE.jar:/Users/sasmitrashinkar/.m2/repository/org/springframework/spring-expression/5.2.2.RELEASE/spring-expression-5.2.2.RELEASE.jar:/Users/sasmitrashinkar/.m2/repository/org/springframework/session/spring-session-core/2.2.0.RELEASE/spring-session-core-2.2.0.RELEASE.jar:/Users/sasmitrashinkar/.m2/repository/org/springframework/spring-jcl/5.2.2.RELEASE/spring-jcl-5.2.2.RELEASE.jar:/Users/sasmitrashinkar/.m2/repository/org/springframework/boot/spring-boot-devtools/2.2.2.RELEASE/spring-boot-devtools-2.2.2.RELEASE.jar:/Users/sasmitrashinkar/.m2/repository/org/springframework/boot/spring-boot/2.2.2.RELEASE/spring-boot-2.2.2.RELEASE.jar:/Users/sasmitrashinkar/.m2/repository/org/springframework/boot/spring-boot-autoconfigure/2.2.2.RELEASE/spring-boot-autoconfigure-2.2.2.RELEASE.jar:/Users/sasmitrashinkar/.m2/repository/org/springframework/boot/spring-boot-configuration-processor/2.2.2.RELEASE/spring-boot-configuration-processor-2.2.2.RELEASE.jar:/Users/sasmitrashinkar/.m2/repository/org/springframework/boot/spring-boot-starter-test/2.2.2.RELEASE/spring-boot-starter-test-2.2.2.RELEASE.jar:/Users/sasmitrashinkar/.m2/repository/org/springframework/boot/spring-boot-test/2.2.2.RELEASE/spring-boot-test-2.2.2.RELEASE.jar:/Users/sasmitrashinkar/.m2/repository/org/springframework/boot/spring-boot-test-autoconfigure/2.2.2.RELEASE/spring-boot-test-autoconfigure-2.2.2.RELEASE.jar:/Users/sasmitrashinkar/.m2/repository/com/jayway/jsonpath/json-path/2.4.0/json-path-2.4.0.jar:/Users/sasmitrashinkar/.m2/repository/net/minidev/json-smart/2.3/json-smart-2.3.jar:/Users/sasmitrashinkar/.m2/repository/net/minidev/accessors-smart/1.2/accessors-smart-1.2.jar:/Users/sasmitrashinkar/.m2/repository/org/junit/jupiter/junit-jupiter/5.5.2/junit-jupiter-5.5.2.jar:/Users/sasmitrashinkar/.m2/repository/org/junit/jupiter/junit-jupiter-api/5.5.2/junit-jupiter-api-5.5.2.jar:/Users/sasmitrashinkar/.m2/repository/org/apiguardian/apiguardian-api/1.1.0/apiguardian-api-1.1.0.jar:/Users/sasmitrashinkar/.m2/repository/org/opentest4j/opentest4j/1.2.0/opentest4j-1.2.0.jar:/Users/sasmitrashinkar/.m2/repository/org/junit/platform/junit-platform-commons/1.5.2/junit-platform-commons-1.5.2.jar:/Users/sasmitrashinkar/.m2/repository/org/junit/jupiter/junit-jupiter-params/5.5.2/junit-jupiter-params-5.5.2.jar:/Users/sasmitrashinkar/.m2/repository/org/junit/jupiter/junit-jupiter-engine/5.5.2/junit-jupiter-engine-5.5.2.jar:/Users/sasmitrashinkar/.m2/repository/org/junit/platform/junit-platform-engine/1.5.2/junit-platform-engine-1.5.2.jar:/Users/sasmitrashinkar/.m2/repository/org/mockito/mockito-junit-jupiter/3.1.0/mockito-junit-jupiter-3.1.0.jar:/Users/sasmitrashinkar/.m2/repository/org/assertj/assertj-core/3.13.2/assertj-core-3.13.2.jar:/Users/sasmitrashinkar/.m2/repository/org/hamcrest/hamcrest/2.1/hamcrest-2.1.jar:/Users/sasmitrashinkar/.m2/repository/org/mockito/mockito-core/3.1.0/mockito-core-3.1.0.jar:/Users/sasmitrashinkar/.m2/repository/net/bytebuddy/byte-buddy/1.10.4/byte-buddy-1.10.4.jar:/Users/sasmitrashinkar/.m2/repository/net/bytebuddy/byte-buddy-agent/1.10.4/byte-buddy-agent-1.10.4.jar:/Users/sasmitrashinkar/.m2/repository/org/objenesis/objenesis/2.6/objenesis-2.6.jar:/Users/sasmitrashinkar/.m2/repository/org/skyscreamer/jsonassert/1.5.0/jsonassert-1.5.0.jar:/Users/sasmitrashinkar/.m2/repository/com/vaadin/external/google/android-json/0.0.20131108.vaadin1/android-json-0.0.20131108.vaadin1.jar:/Users/sasmitrashinkar/.m2/repository/org/springframework/spring-core/5.2.2.RELEASE/spring-core-5.2.2.RELEASE.jar:/Users/sasmitrashinkar/.m2/repository/org/springframework/spring-test/5.2.2.RELEASE/spring-test-5.2.2.RELEASE.jar:/Users/sasmitrashinkar/.m2/repository/org/xmlunit/xmlunit-core/2.6.3/xmlunit-core-2.6.3.jar:"/>
    <property name="java.vm.vendor" value="Oracle Corporation"/>
    <property name="sun.arch.data.model" value="64"/>
    <property name="java.vendor.url" value="http://java.oracle.com/"/>
    <property name="user.timezone" value=""/>
    <property name="java.vm.specification.version" value="11"/>
    <property name="os.name" value="Mac OS X"/>
    <property name="sun.java.launcher" value="SUN_STANDARD"/>
    <property name="user.country" value="AE"/>
    <property name="sun.boot.library.path" value="/Library/Java/JavaVirtualMachines/openjdk-11.0.2.jdk/Contents/Home/lib"/>
    <property name="sun.java.command" value="/Users/sasmitrashinkar/effort_to_be_better/LinkFinder_old/target/surefire/surefirebooter747341688342870714.jar /Users/sasmitrashinkar/effort_to_be_better/LinkFinder_old/target/surefire 2020-01-11T02-03-14_232-jvmRun1 surefire15852460559067887183tmp surefire_014981225482537950459tmp"/>
    <property name="jdk.debug" value="release"/>
    <property name="surefire.test.class.path" value="/Users/sasmitrashinkar/effort_to_be_better/LinkFinder_old/target/test-classes:/Users/sasmitrashinkar/effort_to_be_better/LinkFinder_old/target/classes:/Users/sasmitrashinkar/.m2/repository/org/springframework/boot/spring-boot-starter-actuator/2.2.2.RELEASE/spring-boot-starter-actuator-2.2.2.RELEASE.jar:/Users/sasmitrashinkar/.m2/repository/org/springframework/boot/spring-boot-starter/2.2.2.RELEASE/spring-boot-starter-2.2.2.RELEASE.jar:/Users/sasmitrashinkar/.m2/repository/org/springframework/boot/spring-boot-starter-logging/2.2.2.RELEASE/spring-boot-starter-logging-2.2.2.RELEASE.jar:/Users/sasmitrashinkar/.m2/repository/ch/qos/logback/logback-classic/1.2.3/logback-classic-1.2.3.jar:/Users/sasmitrashinkar/.m2/repository/ch/qos/logback/logback-core/1.2.3/logback-core-1.2.3.jar:/Users/sasmitrashinkar/.m2/repository/org/apache/logging/log4j/log4j-to-slf4j/2.12.1/log4j-to-slf4j-2.12.1.jar:/Users/sasmitrashinkar/.m2/repository/org/apache/logging/log4j/log4j-api/2.12.1/log4j-api-2.12.1.jar:/Users/sasmitrashinkar/.m2/repository/org/slf4j/jul-to-slf4j/1.7.29/jul-to-slf4j-1.7.29.jar:/Users/sasmitrashinkar/.m2/repository/org/yaml/snakeyaml/1.25/snakeyaml-1.25.jar:/Users/sasmitrashinkar/.m2/repository/org/springframework/boot/spring-boot-actuator-autoconfigure/2.2.2.RELEASE/spring-boot-actuator-autoconfigure-2.2.2.RELEASE.jar:/Users/sasmitrashinkar/.m2/repository/org/springframework/boot/spring-boot-actuator/2.2.2.RELEASE/spring-boot-actuator-2.2.2.RELEASE.jar:/Users/sasmitrashinkar/.m2/repository/com/fasterxml/jackson/core/jackson-databind/2.10.1/jackson-databind-2.10.1.jar:/Users/sasmitrashinkar/.m2/repository/com/fasterxml/jackson/core/jackson-core/2.10.1/jackson-core-2.10.1.jar:/Users/sasmitrashinkar/.m2/repository/org/springframework/spring-context/5.2.2.RELEASE/spring-context-5.2.2.RELEASE.jar:/Users/sasmitrashinkar/.m2/repository/com/fasterxml/jackson/datatype/jackson-datatype-jsr310/2.10.1/jackson-datatype-jsr310-2.10.1.jar:/Users/sasmitrashinkar/.m2/repository/io/micrometer/micrometer-core/1.3.1/micrometer-core-1.3.1.jar:/Users/sasmitrashinkar/.m2/repository/org/hdrhistogram/HdrHistogram/2.1.11/HdrHistogram-2.1.11.jar:/Users/sasmitrashinkar/.m2/repository/org/latencyutils/LatencyUtils/2.0.3/LatencyUtils-2.0.3.jar:/Users/sasmitrashinkar/.m2/repository/org/springframework/boot/spring-boot-starter-data-rest/2.2.2.RELEASE/spring-boot-starter-data-rest-2.2.2.RELEASE.jar:/Users/sasmitrashinkar/.m2/repository/org/springframework/data/spring-data-rest-webmvc/3.2.3.RELEASE/spring-data-rest-webmvc-3.2.3.RELEASE.jar:/Users/sasmitrashinkar/.m2/repository/org/springframework/data/spring-data-rest-core/3.2.3.RELEASE/spring-data-rest-core-3.2.3.RELEASE.jar:/Users/sasmitrashinkar/.m2/repository/org/springframework/spring-tx/5.2.2.RELEASE/spring-tx-5.2.2.RELEASE.jar:/Users/sasmitrashinkar/.m2/repository/org/springframework/hateoas/spring-hateoas/1.0.2.RELEASE/spring-hateoas-1.0.2.RELEASE.jar:/Users/sasmitrashinkar/.m2/repository/org/springframework/data/spring-data-commons/2.2.3.RELEASE/spring-data-commons-2.2.3.RELEASE.jar:/Users/sasmitrashinkar/.m2/repository/org/springframework/plugin/spring-plugin-core/2.0.0.RELEASE/spring-plugin-core-2.0.0.RELEASE.jar:/Users/sasmitrashinkar/.m2/repository/org/atteo/evo-inflector/1.2.2/evo-inflector-1.2.2.jar:/Users/sasmitrashinkar/.m2/repository/com/fasterxml/jackson/core/jackson-annotations/2.10.1/jackson-annotations-2.10.1.jar:/Users/sasmitrashinkar/.m2/repository/org/slf4j/slf4j-api/1.7.29/slf4j-api-1.7.29.jar:/Users/sasmitrashinkar/.m2/repository/org/springframework/boot/spring-boot-starter-jersey/2.2.2.RELEASE/spring-boot-starter-jersey-2.2.2.RELEASE.jar:/Users/sasmitrashinkar/.m2/repository/org/springframework/boot/spring-boot-starter-json/2.2.2.RELEASE/spring-boot-starter-json-2.2.2.RELEASE.jar:/Users/sasmitrashinkar/.m2/repository/com/fasterxml/jackson/datatype/jackson-datatype-jdk8/2.10.1/jackson-datatype-jdk8-2.10.1.jar:/Users/sasmitrashinkar/.m2/repository/com/fasterxml/jackson/module/jackson-module-parameter-names/2.10.1/jackson-module-parameter-names-2.10.1.jar:/Users/sasmitrashinkar/.m2/repository/org/springframework/boot/spring-boot-starter-tomcat/2.2.2.RELEASE/spring-boot-starter-tomcat-2.2.2.RELEASE.jar:/Users/sasmitrashinkar/.m2/repository/org/apache/tomcat/embed/tomcat-embed-core/9.0.29/tomcat-embed-core-9.0.29.jar:/Users/sasmitrashinkar/.m2/repository/org/apache/tomcat/embed/tomcat-embed-el/9.0.29/tomcat-embed-el-9.0.29.jar:/Users/sasmitrashinkar/.m2/repository/org/apache/tomcat/embed/tomcat-embed-websocket/9.0.29/tomcat-embed-websocket-9.0.29.jar:/Users/sasmitrashinkar/.m2/repository/org/springframework/boot/spring-boot-starter-validation/2.2.2.RELEASE/spring-boot-starter-validation-2.2.2.RELEASE.jar:/Users/sasmitrashinkar/.m2/repository/jakarta/validation/jakarta.validation-api/2.0.1/jakarta.validation-api-2.0.1.jar:/Users/sasmitrashinkar/.m2/repository/org/hibernate/validator/hibernate-validator/6.0.18.Final/hibernate-validator-6.0.18.Final.jar:/Users/sasmitrashinkar/.m2/repository/org/jboss/logging/jboss-logging/3.4.1.Final/jboss-logging-3.4.1.Final.jar:/Users/sasmitrashinkar/.m2/repository/com/fasterxml/classmate/1.5.1/classmate-1.5.1.jar:/Users/sasmitrashinkar/.m2/repository/jakarta/annotation/jakarta.annotation-api/1.3.5/jakarta.annotation-api-1.3.5.jar:/Users/sasmitrashinkar/.m2/repository/jakarta/ws/rs/jakarta.ws.rs-api/2.1.6/jakarta.ws.rs-api-2.1.6.jar:/Users/sasmitrashinkar/.m2/repository/org/springframework/spring-web/5.2.2.RELEASE/spring-web-5.2.2.RELEASE.jar:/Users/sasmitrashinkar/.m2/repository/org/springframework/spring-beans/5.2.2.RELEASE/spring-beans-5.2.2.RELEASE.jar:/Users/sasmitrashinkar/.m2/repository/org/glassfish/jersey/core/jersey-server/2.29.1/jersey-server-2.29.1.jar:/Users/sasmitrashinkar/.m2/repository/org/glassfish/jersey/core/jersey-common/2.29.1/jersey-common-2.29.1.jar:/Users/sasmitrashinkar/.m2/repository/org/glassfish/hk2/osgi-resource-locator/1.0.3/osgi-resource-locator-1.0.3.jar:/Users/sasmitrashinkar/.m2/repository/com/sun/activation/jakarta.activation/1.2.1/jakarta.activation-1.2.1.jar:/Users/sasmitrashinkar/.m2/repository/org/glassfish/jersey/core/jersey-client/2.29.1/jersey-client-2.29.1.jar:/Users/sasmitrashinkar/.m2/repository/org/glassfish/jersey/media/jersey-media-jaxb/2.29.1/jersey-media-jaxb-2.29.1.jar:/Users/sasmitrashinkar/.m2/repository/org/glassfish/hk2/external/jakarta.inject/2.6.1/jakarta.inject-2.6.1.jar:/Users/sasmitrashinkar/.m2/repository/org/glassfish/jersey/containers/jersey-container-servlet-core/2.29.1/jersey-container-servlet-core-2.29.1.jar:/Users/sasmitrashinkar/.m2/repository/org/glassfish/jersey/containers/jersey-container-servlet/2.29.1/jersey-container-servlet-2.29.1.jar:/Users/sasmitrashinkar/.m2/repository/org/glassfish/jersey/ext/jersey-bean-validation/2.29.1/jersey-bean-validation-2.29.1.jar:/Users/sasmitrashinkar/.m2/repository/org/glassfish/jersey/ext/jersey-spring5/2.29.1/jersey-spring5-2.29.1.jar:/Users/sasmitrashinkar/.m2/repository/org/glassfish/jersey/inject/jersey-hk2/2.29.1/jersey-hk2-2.29.1.jar:/Users/sasmitrashinkar/.m2/repository/org/glassfish/hk2/hk2-locator/2.6.1/hk2-locator-2.6.1.jar:/Users/sasmitrashinkar/.m2/repository/org/glassfish/hk2/external/aopalliance-repackaged/2.6.1/aopalliance-repackaged-2.6.1.jar:/Users/sasmitrashinkar/.m2/repository/org/javassist/javassist/3.22.0-CR2/javassist-3.22.0-CR2.jar:/Users/sasmitrashinkar/.m2/repository/org/glassfish/hk2/hk2/2.6.1/hk2-2.6.1.jar:/Users/sasmitrashinkar/.m2/repository/org/glassfish/hk2/hk2-utils/2.6.1/hk2-utils-2.6.1.jar:/Users/sasmitrashinkar/.m2/repository/org/glassfish/hk2/hk2-api/2.6.1/hk2-api-2.6.1.jar:/Users/sasmitrashinkar/.m2/repository/org/glassfish/hk2/hk2-core/2.6.1/hk2-core-2.6.1.jar:/Users/sasmitrashinkar/.m2/repository/org/glassfish/hk2/hk2-runlevel/2.6.1/hk2-runlevel-2.6.1.jar:/Users/sasmitrashinkar/.m2/repository/org/glassfish/hk2/class-model/2.6.1/class-model-2.6.1.jar:/Users/sasmitrashinkar/.m2/repository/org/ow2/asm/asm/7.1/asm-7.1.jar:/Users/sasmitrashinkar/.m2/repository/org/ow2/asm/asm-analysis/7.1/asm-analysis-7.1.jar:/Users/sasmitrashinkar/.m2/repository/org/ow2/asm/asm-commons/7.1/asm-commons-7.1.jar:/Users/sasmitrashinkar/.m2/repository/org/ow2/asm/asm-tree/7.1/asm-tree-7.1.jar:/Users/sasmitrashinkar/.m2/repository/org/ow2/asm/asm-util/7.1/asm-util-7.1.jar:/Users/sasmitrashinkar/.m2/repository/org/glassfish/hk2/spring-bridge/2.6.1/spring-bridge-2.6.1.jar:/Users/sasmitrashinkar/.m2/repository/org/springframework/spring-aop/5.2.2.RELEASE/spring-aop-5.2.2.RELEASE.jar:/Users/sasmitrashinkar/.m2/repository/org/glassfish/jersey/media/jersey-media-json-jackson/2.29.1/jersey-media-json-jackson-2.29.1.jar:/Users/sasmitrashinkar/.m2/repository/org/glassfish/jersey/ext/jersey-entity-filtering/2.29.1/jersey-entity-filtering-2.29.1.jar:/Users/sasmitrashinkar/.m2/repository/com/fasterxml/jackson/module/jackson-module-jaxb-annotations/2.10.1/jackson-module-jaxb-annotations-2.10.1.jar:/Users/sasmitrashinkar/.m2/repository/jakarta/xml/bind/jakarta.xml.bind-api/2.3.2/jakarta.xml.bind-api-2.3.2.jar:/Users/sasmitrashinkar/.m2/repository/org/springframework/boot/spring-boot-starter-web/2.2.2.RELEASE/spring-boot-starter-web-2.2.2.RELEASE.jar:/Users/sasmitrashinkar/.m2/repository/org/springframework/spring-webmvc/5.2.2.RELEASE/spring-webmvc-5.2.2.RELEASE.jar:/Users/sasmitrashinkar/.m2/repository/org/springframework/spring-expression/5.2.2.RELEASE/spring-expression-5.2.2.RELEASE.jar:/Users/sasmitrashinkar/.m2/repository/org/springframework/session/spring-session-core/2.2.0.RELEASE/spring-session-core-2.2.0.RELEASE.jar:/Users/sasmitrashinkar/.m2/repository/org/springframework/spring-jcl/5.2.2.RELEASE/spring-jcl-5.2.2.RELEASE.jar:/Users/sasmitrashinkar/.m2/repository/org/springframework/boot/spring-boot-devtools/2.2.2.RELEASE/spring-boot-devtools-2.2.2.RELEASE.jar:/Users/sasmitrashinkar/.m2/repository/org/springframework/boot/spring-boot/2.2.2.RELEASE/spring-boot-2.2.2.RELEASE.jar:/Users/sasmitrashinkar/.m2/repository/org/springframework/boot/spring-boot-autoconfigure/2.2.2.RELEASE/spring-boot-autoconfigure-2.2.2.RELEASE.jar:/Users/sasmitrashinkar/.m2/repository/org/springframework/boot/spring-boot-configuration-processor/2.2.2.RELEASE/spring-boot-configuration-processor-2.2.2.RELEASE.jar:/Users/sasmitrashinkar/.m2/repository/org/springframework/boot/spring-boot-starter-test/2.2.2.RELEASE/spring-boot-starter-test-2.2.2.RELEASE.jar:/Users/sasmitrashinkar/.m2/repository/org/springframework/boot/spring-boot-test/2.2.2.RELEASE/spring-boot-test-2.2.2.RELEASE.jar:/Users/sasmitrashinkar/.m2/repository/org/springframework/boot/spring-boot-test-autoconfigure/2.2.2.RELEASE/spring-boot-test-autoconfigure-2.2.2.RELEASE.jar:/Users/sasmitrashinkar/.m2/repository/com/jayway/jsonpath/json-path/2.4.0/json-path-2.4.0.jar:/Users/sasmitrashinkar/.m2/repository/net/minidev/json-smart/2.3/json-smart-2.3.jar:/Users/sasmitrashinkar/.m2/repository/net/minidev/accessors-smart/1.2/accessors-smart-1.2.jar:/Users/sasmitrashinkar/.m2/repository/org/junit/jupiter/junit-jupiter/5.5.2/junit-jupiter-5.5.2.jar:/Users/sasmitrashinkar/.m2/repository/org/junit/jupiter/junit-jupiter-api/5.5.2/junit-jupiter-api-5.5.2.jar:/Users/sasmitrashinkar/.m2/repository/org/apiguardian/apiguardian-api/1.1.0/apiguardian-api-1.1.0.jar:/Users/sasmitrashinkar/.m2/repository/org/opentest4j/opentest4j/1.2.0/opentest4j-1.2.0.jar:/Users/sasmitrashinkar/.m2/repository/org/junit/platform/junit-platform-commons/1.5.2/junit-platform-commons-1.5.2.jar:/Users/sasmitrashinkar/.m2/repository/org/junit/jupiter/junit-jupiter-params/5.5.2/junit-jupiter-params-5.5.2.jar:/Users/sasmitrashinkar/.m2/repository/org/junit/jupiter/junit-jupiter-engine/5.5.2/junit-jupiter-engine-5.5.2.jar:/Users/sasmitrashinkar/.m2/repository/org/junit/platform/junit-platform-engine/1.5.2/junit-platform-engine-1.5.2.jar:/Users/sasmitrashinkar/.m2/repository/org/mockito/mockito-junit-jupiter/3.1.0/mockito-junit-jupiter-3.1.0.jar:/Users/sasmitrashinkar/.m2/repository/org/assertj/assertj-core/3.13.2/assertj-core-3.13.2.jar:/Users/sasmitrashinkar/.m2/repository/org/hamcrest/hamcrest/2.1/hamcrest-2.1.jar:/Users/sasmitrashinkar/.m2/repository/org/mockito/mockito-core/3.1.0/mockito-core-3.1.0.jar:/Users/sasmitrashinkar/.m2/repository/net/bytebuddy/byte-buddy/1.10.4/byte-buddy-1.10.4.jar:/Users/sasmitrashinkar/.m2/repository/net/bytebuddy/byte-buddy-agent/1.10.4/byte-buddy-agent-1.10.4.jar:/Users/sasmitrashinkar/.m2/repository/org/objenesis/objenesis/2.6/objenesis-2.6.jar:/Users/sasmitrashinkar/.m2/repository/org/skyscreamer/jsonassert/1.5.0/jsonassert-1.5.0.jar:/Users/sasmitrashinkar/.m2/repository/com/vaadin/external/google/android-json/0.0.20131108.vaadin1/android-json-0.0.20131108.vaadin1.jar:/Users/sasmitrashinkar/.m2/repository/org/springframework/spring-core/5.2.2.RELEASE/spring-core-5.2.2.RELEASE.jar:/Users/sasmitrashinkar/.m2/repository/org/springframework/spring-test/5.2.2.RELEASE/spring-test-5.2.2.RELEASE.jar:/Users/sasmitrashinkar/.m2/repository/org/xmlunit/xmlunit-core/2.6.3/xmlunit-core-2.6.3.jar:"/>
    <property name="sun.cpu.endian" value="little"/>
    <property name="user.home" value="/Users/sasmitrashinkar"/>
    <property name="user.language" value="en"/>
    <property name="java.specification.vendor" value="Oracle Corporation"/>
    <property name="java.version.date" value="2019-01-15"/>
    <property name="java.home" value="/Library/Java/JavaVirtualMachines/openjdk-11.0.2.jdk/Contents/Home"/>
    <property name="file.separator" value="/"/>
    <property name="basedir" value="/Users/sasmitrashinkar/effort_to_be_better/LinkFinder_old"/>
    <property name="java.vm.compressedOopsMode" value="Zero based"/>
    <property name="line.separator" value="&#10;"/>
    <property name="java.specification.name" value="Java Platform API Specification"/>
    <property name="java.vm.specification.vendor" value="Oracle Corporation"/>
    <property name="java.awt.graphicsenv" value="sun.awt.CGraphicsEnvironment"/>
    <property name="surefire.real.class.path" value="/Users/sasmitrashinkar/effort_to_be_better/LinkFinder_old/target/surefire/surefirebooter747341688342870714.jar"/>
    <property name="sun.management.compiler" value="HotSpot 64-Bit Tiered Compilers"/>
    <property name="java.runtime.version" value="11.0.2+9"/>
    <property name="user.name" value="sasmitrashinkar"/>
    <property name="path.separator" value=":"/>
    <property name="os.version" value="10.13.6"/>
    <property name="java.runtime.name" value="OpenJDK Runtime Environment"/>
    <property name="file.encoding" value="UTF-8"/>
    <property name="java.vm.name" value="OpenJDK 64-Bit Server VM"/>
    <property name="java.vendor.version" value="18.9"/>
    <property name="localRepository" value="/Users/sasmitrashinkar/.m2/repository"/>
    <property name="java.vendor.url.bug" value="http://bugreport.java.com/bugreport/"/>
    <property name="java.io.tmpdir" value="/var/folders/2c/43c945z56rbf0qbm1tysdk3w0000gr/T/"/>
    <property name="java.version" value="11.0.2"/>
    <property name="user.dir" value="/Users/sasmitrashinkar/effort_to_be_better/LinkFinder_old"/>
    <property name="os.arch" value="x86_64"/>
    <property name="java.vm.specification.name" value="Java Virtual Machine Specification"/>
    <property name="java.awt.printerjob" value="sun.lwawt.macosx.CPrinterJob"/>
    <property name="idea.version2019.1.3" value="true"/>
    <property name="sun.os.patch.level" value="unknown"/>
    <property name="java.library.path" value="/Users/sasmitrashinkar/Library/Java/Extensions:/Library/Java/Extensions:/Network/Library/Java/Extensions:/System/Library/Java/Extensions:/usr/lib/java:."/>
    <property name="java.vendor" value="Oracle Corporation"/>
    <property name="java.vm.info" value="mixed mode"/>
    <property name="java.vm.version" value="11.0.2+9"/>
    <property name="sun.io.unicode.encoding" value="UnicodeBig"/>
    <property name="java.class.version" value="55.0"/>
  </properties>
  <testcase name="contextLoads" classname="com.productcrowler.linkfinder.LinkfinderApplicationTests" time="0.482"/>
</testsuite>